<?xml version="1.0" encoding="UTF-8"?>
<!-- Generated by org.testng.reporters.JUnitReportReporter -->
<testsuite hostname="CBT-020" name="com.qspiders.github.GitHubDemo" tests="1" failures="0" timestamp="10 Jul 2016 08:46:06 GMT" time="0.024" errors="0">
  <testcase name="testA" time="0.024" classname="com.qspiders.github.GitHubDemo"/>
</testsuite> <!-- com.qspiders.github.GitHubDemo -->
